#
# There is insufficient memory for the Java Runtime Environment to continue.
# Native memory allocation (mmap) failed to map 65011712 bytes for G1 virtual space
# Possible reasons:
#   The system is out of physical RAM or swap space
#   The process is running with CompressedOops enabled, and the Java Heap may be blocking the growth of the native heap
# Possible solutions:
#   Reduce memory load on the system
#   Increase physical memory or swap space
#   Check if swap backing store is full
#   Decrease Java heap size (-Xmx/-Xms)
#   Decrease number of Java threads
#   Decrease Java thread stack sizes (-Xss)
#   Set larger code cache with -XX:ReservedCodeCacheSize=
#   JVM is running with Unscaled Compressed Oops mode in which the Java heap is
#     placed in the first 4GB address space. The Java Heap base address is the
#     maximum limit for the native heap growth. Please use -XX:HeapBaseMinAddress
#     to set the Java Heap base and to place the Java Heap above 4GB virtual address.
# This output file may be truncated or incomplete.
#
#  Out of Memory Error (os_windows.cpp:3466), pid=7224, tid=10000
#
# JRE version:  (16.0.2+7) (build )
# Java VM: OpenJDK 64-Bit Server VM (16.0.2+7-67, mixed mode, sharing, tiered, compressed oops, compressed class ptrs, g1 gc, windows-amd64)
# No core dump will be written. Minidumps are not enabled by default on client versions of Windows
#

---------------  S U M M A R Y ------------

Command Line: -javaagent:C:\Program Files\JetBrains\IntelliJ IDEA 2021.2.1\lib\idea_rt.jar=54721:C:\Program Files\JetBrains\IntelliJ IDEA 2021.2.1\bin -Dfile.encoding=UTF-8 com.company.Main

Host: Intel(R) Pentium(R) Silver N5030 CPU @ 1.10GHz, 4 cores, 3G,  Windows 10 , 64 bit Build 19041 (10.0.19041.1023)
Time: Sun Sep 12 00:32:36 2021  Windows 10 , 64 bit Build 19041 (10.0.19041.1023) elapsed time: 0.065080 seconds (0d 0h 0m 0s)

---------------  T H R E A D  ---------------

Current thread (0x00000189e44cd8f0):  JavaThread "Unknown thread" [_thread_in_vm, id=10000, stack(0x0000007c77e00000,0x0000007c77f00000)]

Stack: [0x0000007c77e00000,0x0000007c77f00000]
Native frames: (J=compiled Java code, j=interpreted, Vv=VM code, C=native code)
V  [jvm.dll+0x6681ca]
V  [jvm.dll+0x7c9e69]
V  [jvm.dll+0x7cb61e]
V  [jvm.dll+0x7cbc73]
V  [jvm.dll+0x242c55]
V  [jvm.dll+0x664f89]
V  [jvm.dll+0x659b75]
V  [jvm.dll+0x2fbfbb]
V  [jvm.dll+0x3031b6]
V  [jvm.dll+0x35299e]
V  [jvm.dll+0x352bcf]
V  [jvm.dll+0x2d3028]
V  [jvm.dll+0x2d4264]
V  [jvm.dll+0x79c741]
V  [jvm.dll+0x360791]
V  [jvm.dll+0x77a3f0]
V  [jvm.dll+0x3e4e8f]
V  [jvm.dll+0x3e6961]
C  [jli.dll+0x52fb]
C  [ucrtbase.dll+0x21bb2]
C  [KERNEL32.DLL+0x17034]
C  [ntdll.dll+0x52651]


---------------  P R O C E S S  ---------------

Threads class SMR info:
_java_thread_list=0x00007fffdd23cbb8, length=0, elements={
}

Java Threads: ( => current thread )

Other Threads:
  0x00000189e43bec90 GCTaskThread "GC Thread#0" [stack: 0x0000007c77f00000,0x0000007c78000000] [id=9364]
  0x00000189e4500560 ConcurrentGCThread "G1 Main Marker" [stack: 0x0000007c78000000,0x0000007c78100000] [id=2128]
  0x00000189e4500fd0 ConcurrentGCThread "G1 Conc#0" [stack: 0x0000007c78100000,0x0000007c78200000] [id=10104]

[error occurred during error reporting (printing all threads), id 0xc0000005, EXCEPTION_ACCESS_VIOLATION (0xc0000005) at pc=0x00007fffdca13ee7]

VM state: not at safepoint (not fully initialized)

VM Mutex/Monitor currently owned by a thread:  ([mutex/lock_event])
[0x00000189e44c8e80] Heap_lock - owner thread: 0x00000189e44cd8f0

Heap address: 0x00000000c2c00000, size: 980 MB, Compressed Oops mode: 32-bit

CDS archive(s) mapped at: [0x0000000000000000-0x0000000000000000-0x0000000000000000), size 0, SharedBaseAddress: 0x0000000800000000, ArchiveRelocationMode: 0.
Narrow klass base: 0x0000000000000000, Narrow klass shift: 0, Narrow klass range: 0x0

GC Precious Log:
<Empty>

Heap:
 garbage-first heap   total 0K, used 0K [0x00000000c2c00000, 0x0000000100000000)
  region size 1024K, 0 young (0K), 0 survivors (0K)

[error occurred during error reporting (printing heap information), id 0xc0000005, EXCEPTION_ACCESS_VIOLATION (0xc0000005) at pc=0x00007fffdcdf1eed]

GC Heap History (0 events):
No events

Deoptimization events (0 events):
No events

Classes unloaded (0 events):
No events

Classes redefined (0 events):
No events

Internal exceptions (0 events):
No events

Events (1 events):
Event: 0.045 Loaded shared library C:\Users\Admin\.jdks\openjdk-16.0.2\bin\java.dll


Dynamic libraries:
0x00007ff758ad0000 - 0x00007ff758ade000 	C:\Users\Admin\.jdks\openjdk-16.0.2\bin\java.exe
0x00007ff813570000 - 0x00007ff813765000 	C:\Windows\SYSTEM32\ntdll.dll
0x00007ff812d40000 - 0x00007ff812dfd000 	C:\Windows\System32\KERNEL32.DLL
0x00007ff810dc0000 - 0x00007ff811089000 	C:\Windows\System32\KERNELBASE.dll
0x00007ff8113b0000 - 0x00007ff8114b0000 	C:\Windows\System32\ucrtbase.dll
0x00007ff80c3f0000 - 0x00007ff80c408000 	C:\Users\Admin\.jdks\openjdk-16.0.2\bin\jli.dll
0x00007ff811d20000 - 0x00007ff811ec0000 	C:\Windows\System32\USER32.dll
0x00007ff8111a0000 - 0x00007ff8111c2000 	C:\Windows\System32\win32u.dll
0x00007ff8123f0000 - 0x00007ff81241a000 	C:\Windows\System32\GDI32.dll
0x00007ff810cb0000 - 0x00007ff810dbb000 	C:\Windows\System32\gdi32full.dll
0x00007ff811540000 - 0x00007ff8115dd000 	C:\Windows\System32\msvcp_win.dll
0x00007ff80c3a0000 - 0x00007ff80c3b9000 	C:\Users\Admin\.jdks\openjdk-16.0.2\bin\VCRUNTIME140.dll
0x00007ffffbde0000 - 0x00007ffffc07a000 	C:\Windows\WinSxS\amd64_microsoft.windows.common-controls_6595b64144ccf1df_6.0.19041.1110_none_60b5254171f9507e\COMCTL32.dll
0x00007ff812b80000 - 0x00007ff812c1e000 	C:\Windows\System32\msvcrt.dll
0x00007ff811ec0000 - 0x00007ff811ef0000 	C:\Windows\System32\IMM32.DLL
0x00007ff80c450000 - 0x00007ff80c45c000 	C:\Users\Admin\.jdks\openjdk-16.0.2\bin\vcruntime140_1.dll
0x00007fffdd5f0000 - 0x00007fffdd681000 	C:\Users\Admin\.jdks\openjdk-16.0.2\bin\msvcp140.dll
0x00007fffdc730000 - 0x00007fffdd2db000 	C:\Users\Admin\.jdks\openjdk-16.0.2\bin\server\jvm.dll
0x00007ff8115e0000 - 0x00007ff81168c000 	C:\Windows\System32\ADVAPI32.dll
0x00007ff811690000 - 0x00007ff81172b000 	C:\Windows\System32\sechost.dll
0x00007ff811880000 - 0x00007ff8119aa000 	C:\Windows\System32\RPCRT4.dll
0x00007ff812ec0000 - 0x00007ff812ec8000 	C:\Windows\System32\PSAPI.DLL
0x00007ff80a3f0000 - 0x00007ff80a3f9000 	C:\Windows\SYSTEM32\WSOCK32.dll
0x00007ff813050000 - 0x00007ff8130bb000 	C:\Windows\System32\WS2_32.dll
0x00007fffeecf0000 - 0x00007fffeed17000 	C:\Windows\SYSTEM32\WINMM.dll
0x00007ff8081a0000 - 0x00007ff8081aa000 	C:\Windows\SYSTEM32\VERSION.dll
0x00007ff80f570000 - 0x00007ff80f582000 	C:\Windows\SYSTEM32\kernel.appcore.dll
0x00007ff80c3e0000 - 0x00007ff80c3ea000 	C:\Users\Admin\.jdks\openjdk-16.0.2\bin\jimage.dll
0x00007ff80eac0000 - 0x00007ff80eca4000 	C:\Windows\SYSTEM32\DBGHELP.DLL
0x00007ffff84f0000 - 0x00007ffff851c000 	C:\Windows\SYSTEM32\dbgcore.DLL
0x00007ff8114b0000 - 0x00007ff811533000 	C:\Windows\System32\bcryptPrimitives.dll
0x00007ff80c380000 - 0x00007ff80c38e000 	C:\Users\Admin\.jdks\openjdk-16.0.2\bin\instrument.dll
0x00007ff80a470000 - 0x00007ff80a495000 	C:\Users\Admin\.jdks\openjdk-16.0.2\bin\java.dll

dbghelp: loaded successfully - version: 4.0.5 - missing functions: none
symbol engine: initialized successfully - sym options: 0x614 - pdb path: .;C:\Users\Admin\.jdks\openjdk-16.0.2\bin;C:\Windows\SYSTEM32;C:\Windows\WinSxS\amd64_microsoft.windows.common-controls_6595b64144ccf1df_6.0.19041.1110_none_60b5254171f9507e;C:\Users\Admin\.jdks\openjdk-16.0.2\bin\server

VM Arguments:
jvm_args: -javaagent:C:\Program Files\JetBrains\IntelliJ IDEA 2021.2.1\lib\idea_rt.jar=54721:C:\Program Files\JetBrains\IntelliJ IDEA 2021.2.1\bin -Dfile.encoding=UTF-8 
java_command: com.company.Main
java_class_path (initial): C:\Users\Admin\IdeaProjects\untitled7\out\production\untitled7
Launcher Type: SUN_STANDARD

[Global flags]
     intx CICompilerCount                          = 3                                         {product} {ergonomic}
     uint ConcGCThreads                            = 1                                         {product} {ergonomic}
     uint G1ConcRefinementThreads                  = 4                                         {product} {ergonomic}
   size_t G1HeapRegionSize                         = 1048576                                   {product} {ergonomic}
    uintx GCDrainStackTargetSize                   = 64                                        {product} {ergonomic}
   size_t InitialHeapSize                          = 65011712                                  {product} {ergonomic}
   size_t MarkStackSize                            = 4194304                                   {product} {ergonomic}
   size_t MaxHeapSize                              = 1027604480                                {product} {ergonomic}
   size_t MinHeapDeltaBytes                        = 1048576                                   {product} {ergonomic}
   size_t MinHeapSize                              = 8388608                                   {product} {ergonomic}
    uintx NonNMethodCodeHeapSize                   = 5832780                                {pd product} {ergonomic}
    uintx NonProfiledCodeHeapSize                  = 122912730                              {pd product} {ergonomic}
    uintx ProfiledCodeHeapSize                     = 122912730                              {pd product} {ergonomic}
    uintx ReservedCodeCacheSize                    = 251658240                              {pd product} {ergonomic}
     bool SegmentedCodeCache                       = true                                      {product} {ergonomic}
   size_t SoftMaxHeapSize                          = 1027604480                             {manageable} {ergonomic}
     bool UseCompressedClassPointers               = true                           {product lp64_product} {ergonomic}
     bool UseCompressedOops                        = true                           {product lp64_product} {ergonomic}
     bool UseG1GC                                  = true                                      {product} {ergonomic}
     bool UseLargePagesIndividualAllocation        = false                                  {pd product} {ergonomic}

Logging:
Log output configuration:
 #0: stdout all=warning uptime,level,tags
 #1: stderr all=off uptime,level,tags

Environment Variables:
PATH=C:\ProgramData\Oracle\Java\javapath;C:\Windows\system32;C:\Windows;C:\Windows\System32\Wbem;C:\Windows\System32\WindowsPowerShell\v1.0\;C:\Windows\System32\OpenSSH\;C:\Program Files\Git\cmd;C:\Users\Admin\AppData\Local\Microsoft\WindowsApps;;C:\Program Files\JetBrains\IntelliJ IDEA 2021.2.1\bin;
USERNAME=Admin
OS=Windows_NT
PROCESSOR_IDENTIFIER=Intel64 Family 6 Model 122 Stepping 8, GenuineIntel



---------------  S Y S T E M  ---------------

OS:
 Windows 10 , 64 bit Build 19041 (10.0.19041.1023)
OS uptime: 1 days 6:34 hours

CPU: total 4 (initial active 4) (4 cores per cpu, 1 threads per core) family 6 model 122 stepping 8 microcode 0x16, cx8, cmov, fxsr, mmx, 3dnowpref, sse, sse2, sse3, ssse3, sse4.1, sse4.2, popcnt, tsc, tscinvbit, aes, erms, clmul, sha, clflush, clflushopt

Memory: 4k page, system-wide physical 3918M (459M free)
TotalPageFile size 5966M (AvailPageFile size 44M)
current process WorkingSet (physical memory assigned to process): 10M, peak: 10M
current process commit charge ("private bytes"): 51M, peak: 113M

vm_info: OpenJDK 64-Bit Server VM (16.0.2+7-67) for windows-amd64 JRE (16.0.2+7-67), built on Jun  8 2021 23:21:43 by "mach5one" with MS VC++ 16.7 (VS2019)

END.
